app/build 2/intermediates/manifest_merge_blame_file/debug/manifest-merger-blame-debug-report.txt
1<?xml version="1.0" encoding="utf-8"?>
2<manifest xmlns:android="http://schemas.android.com/apk/res/android"
3    package="com.policyboss.policybosscaller"
4    android:versionCode="1"
5    android:versionName="1.0" >
6
7    <uses-sdk
8        android:minSdkVersion="21"
8-->src/main/AndroidManifest.xml
9        android:targetSdkVersion="33" />
9-->src/main/AndroidManifest.xml
10
11    <uses-permission android:name="android.permission.INTERNET" /> <!-- <uses-permission android:name="android.permission.QUERY_ALL_PACKAGES" -->
11-->src/main/AndroidManifest.xml:5:5-67
11-->src/main/AndroidManifest.xml:5:22-64
12    <!-- tools:ignore="QueryAllPackagesPermission" /> -->
13
14
15    <!-- //05 commented -->
16    <!-- <uses-permission android:name="android.permission.CAMERA" /> -->
17    <!-- <uses-permission -->
18    <!-- android:name="android.permission.WRITE_EXTERNAL_STORAGE" -->
19    <!-- android:maxSdkVersion="28" -->
20    <!-- tools:ignore="ScopedStorage" /> -->
21
22
23    <!-- <uses-permission android:name="android.permission.READ_EXTERNAL_STORAGE" /> -->
24
25
26    <!-- Location permission -->
27    <!-- Always include this permission -->
28    <!-- For Location -->
29    <!-- <uses-permission android:name="android.permission.ACCESS_COARSE_LOCATION" /> &lt;!&ndash; Include only if your app benefits from precise location access. &ndash;&gt; -->
30    <!-- <uses-permission android:name="android.permission.ACCESS_FINE_LOCATION" /> &lt;!&ndash; Audio permission &ndash;&gt; -->
31    <!-- <uses-permission android:name="android.permission.ACCESS_BACKGROUND_LOCATION" /> &lt;!&ndash; Background permission &ndash;&gt; -->
32    <!-- <uses-permission android:name="android.permission.RECORD_AUDIO" /> &lt;!&ndash; Network permission &ndash;&gt; -->
33    <uses-permission android:name="android.permission.ACCESS_NETWORK_STATE" />
33-->src/main/AndroidManifest.xml:25:5-79
33-->src/main/AndroidManifest.xml:25:22-76
34    <uses-permission android:name="android.permission.ACCESS_WIFI_STATE" />
34-->src/main/AndroidManifest.xml:26:5-76
34-->src/main/AndroidManifest.xml:26:22-73
35    <uses-permission android:name="android.permission.CHANGE_WIFI_STATE" />
35-->src/main/AndroidManifest.xml:27:5-76
35-->src/main/AndroidManifest.xml:27:22-73
36    <uses-permission android:name="android.permission.SYSTEM_ALERT_WINDOW" />
36-->src/main/AndroidManifest.xml:28:5-78
36-->src/main/AndroidManifest.xml:28:22-75
37    <uses-permission android:name="android.permission.USE_FULL_SCREEN_INTENT" /> <!-- <uses-permission android:name="android.permission.READ_PHONE_STATE" /> -->
37-->src/main/AndroidManifest.xml:29:5-81
37-->src/main/AndroidManifest.xml:29:22-78
38    <uses-permission android:name="android.permission.READ_PHONE_STATE" />
38-->src/main/AndroidManifest.xml:30:5-32:48
38-->src/main/AndroidManifest.xml:31:9-59
39    <uses-permission android:name="android.permission.READ_PHONE_NUMBERS" />
39-->src/main/AndroidManifest.xml:33:5-77
39-->src/main/AndroidManifest.xml:33:22-74
40    <uses-permission android:name="android.permission.REQUEST_IGNORE_BATTERY_OPTIMIZATIONS" />
40-->src/main/AndroidManifest.xml:35:5-95
40-->src/main/AndroidManifest.xml:35:22-92
41    <uses-permission android:name="android.permission.MODIFY_PHONE_STATE" /> <!-- &lt;!&ndash; Grants the READ_PHONE_STATE permission only on devices that run -->
41-->src/main/AndroidManifest.xml:37:5-39:47
41-->src/main/AndroidManifest.xml:38:9-61
42    <!-- Android 10 (API level 29) and lower. &ndash;&gt; -->
43    <!-- <uses-permission android:name="android.permission.READ_PHONE_STATE" -->
44    <!-- android:maxSdkVersion="29" /> -->
45    <!-- <uses-permission android:name="android.permission.READ_PHONE_NUMBERS" /> -->
46
47
48    <!-- sms reading -->
49    <uses-permission android:name="android.permission.SEND_SMS" />
49-->src/main/AndroidManifest.xml:46:5-67
49-->src/main/AndroidManifest.xml:46:22-64
50    <uses-permission android:name="android.permission.READ_SMS" />
50-->src/main/AndroidManifest.xml:47:5-67
50-->src/main/AndroidManifest.xml:47:22-64
51    <uses-permission android:name="android.permission.WRITE_SMS" />
51-->src/main/AndroidManifest.xml:48:5-68
51-->src/main/AndroidManifest.xml:48:22-65
52
53    <!-- Contact Read -->
54    <uses-permission android:name="android.permission.READ_CONTACTS" />
54-->src/main/AndroidManifest.xml:52:5-72
54-->src/main/AndroidManifest.xml:52:22-69
55    <uses-permission android:name="android.permission.WRITE_CONTACTS" />
55-->src/main/AndroidManifest.xml:53:5-73
55-->src/main/AndroidManifest.xml:53:22-70
56    <uses-permission android:name="android.permission.READ_CALL_LOG" />
56-->src/main/AndroidManifest.xml:57:5-72
56-->src/main/AndroidManifest.xml:57:22-69
57    <uses-permission android:name="android.permission.WRITE_CALL_LOG" />
57-->src/main/AndroidManifest.xml:58:5-73
57-->src/main/AndroidManifest.xml:58:22-70
58    <uses-permission android:name="android.permission.CALL_PHONE" />
58-->src/main/AndroidManifest.xml:59:5-69
58-->src/main/AndroidManifest.xml:59:22-66
59    <uses-permission android:name="android.permission.WAKE_LOCK" />
59-->src/main/AndroidManifest.xml:60:5-68
59-->src/main/AndroidManifest.xml:60:22-65
60    <uses-permission android:name="android.permission.FOREGROUND_SERVICE" />
60-->src/main/AndroidManifest.xml:61:5-77
60-->src/main/AndroidManifest.xml:61:22-74
61    <uses-permission android:name="android.intent.action.BOOT_COMPLETED" />
61-->src/main/AndroidManifest.xml:63:5-76
61-->src/main/AndroidManifest.xml:63:22-73
62    <uses-permission android:name="android.permission.RECEIVE_BOOT_COMPLETED" />
62-->src/main/AndroidManifest.xml:64:5-81
62-->src/main/AndroidManifest.xml:64:22-78
63
64    <application
64-->src/main/AndroidManifest.xml:66:5-218:19
65        android:name="com.policyboss.policybosscaller.MyApplication"
65-->src/main/AndroidManifest.xml:68:10-39
66        android:allowBackup="false"
66-->src/main/AndroidManifest.xml:67:9-36
67        android:appComponentFactory="androidx.core.app.CoreComponentFactory"
67-->[androidx.core:core:1.8.0] AndroidManifest.xml:24:18-86
68        android:dataExtractionRules="@xml/data_extraction_rules"
68-->src/main/AndroidManifest.xml:69:9-65
69        android:debuggable="true"
70        android:fullBackupContent="@xml/backup_rules"
70-->src/main/AndroidManifest.xml:70:9-54
71        android:icon="@drawable/ic_launcher"
71-->src/main/AndroidManifest.xml:71:9-45
72        android:label="@string/app_name"
72-->src/main/AndroidManifest.xml:72:9-41
73        android:roundIcon="@drawable/ic_launcher_rounded"
73-->src/main/AndroidManifest.xml:73:9-58
74        android:supportsRtl="true"
74-->src/main/AndroidManifest.xml:74:9-35
75        android:theme="@style/Theme.PolicyBossCaller"
75-->src/main/AndroidManifest.xml:75:9-54
76        android:usesCleartextTraffic="true" >
76-->src/main/AndroidManifest.xml:76:9-44
77        <activity
77-->src/main/AndroidManifest.xml:78:9-85:20
78            android:name="com.policyboss.policybosscaller.login.LoginActivity"
78-->src/main/AndroidManifest.xml:79:13-48
79            android:exported="false"
79-->src/main/AndroidManifest.xml:81:13-37
80            android:screenOrientation="portrait" >
80-->src/main/AndroidManifest.xml:80:13-49
81            <meta-data
81-->src/main/AndroidManifest.xml:82:13-84:36
82                android:name="android.app.lib_name"
82-->src/main/AndroidManifest.xml:83:17-52
83                android:value="" />
83-->src/main/AndroidManifest.xml:84:17-33
84        </activity>
85        <activity
85-->src/main/AndroidManifest.xml:86:9-95:20
86            android:name="com.policyboss.policybosscaller.test.TestActivity"
86-->src/main/AndroidManifest.xml:87:13-46
87            android:exported="false"
87-->src/main/AndroidManifest.xml:88:13-37
88            android:label="@string/title_activity_test"
88-->src/main/AndroidManifest.xml:90:13-56
89            android:screenOrientation="portrait"
89-->src/main/AndroidManifest.xml:89:13-49
90            android:theme="@style/Theme.PolicyBossCaller.NoActionBar" >
90-->src/main/AndroidManifest.xml:91:13-70
91            <meta-data
91-->src/main/AndroidManifest.xml:82:13-84:36
92                android:name="android.app.lib_name"
92-->src/main/AndroidManifest.xml:83:17-52
93                android:value="" />
93-->src/main/AndroidManifest.xml:84:17-33
94        </activity>
95        <activity
95-->src/main/AndroidManifest.xml:96:9-104:20
96            android:name="com.policyboss.policybosscaller.WebView.CommonWebViewActivity"
96-->src/main/AndroidManifest.xml:97:13-58
97            android:exported="false"
97-->src/main/AndroidManifest.xml:98:13-37
98            android:parentActivityName="com.policyboss.policybosscaller.Home.HomeActivity"
98-->src/main/AndroidManifest.xml:99:13-60
99            android:screenOrientation="portrait" >
99-->src/main/AndroidManifest.xml:100:13-49
100            <meta-data
100-->src/main/AndroidManifest.xml:82:13-84:36
101                android:name="android.app.lib_name"
101-->src/main/AndroidManifest.xml:83:17-52
102                android:value="" />
102-->src/main/AndroidManifest.xml:84:17-33
103        </activity>
104        <activity
104-->src/main/AndroidManifest.xml:105:9-117:20
105            android:name="com.policyboss.policybosscaller.popup.PopUpAfterCallEndActivity"
105-->src/main/AndroidManifest.xml:106:13-60
106            android:excludeFromRecents="true"
106-->src/main/AndroidManifest.xml:107:13-46
107            android:exported="false"
107-->src/main/AndroidManifest.xml:108:13-37
108            android:launchMode="singleTop"
108-->src/main/AndroidManifest.xml:110:13-43
109            android:noHistory="true"
109-->src/main/AndroidManifest.xml:111:13-37
110            android:screenOrientation="portrait"
110-->src/main/AndroidManifest.xml:109:13-49
111            android:showOnLockScreen="true"
111-->src/main/AndroidManifest.xml:112:13-44
112            android:theme="@style/Theme.AppCompat.TranslucentDark" >
112-->src/main/AndroidManifest.xml:113:13-67
113            <meta-data
113-->src/main/AndroidManifest.xml:82:13-84:36
114                android:name="android.app.lib_name"
114-->src/main/AndroidManifest.xml:83:17-52
115                android:value="" />
115-->src/main/AndroidManifest.xml:84:17-33
116        </activity>
117        <activity
117-->src/main/AndroidManifest.xml:118:9-126:20
118            android:name="com.policyboss.policybosscaller.popup.OverlayPopupPermissionActivity"
118-->src/main/AndroidManifest.xml:119:13-65
119            android:exported="false"
119-->src/main/AndroidManifest.xml:120:13-37
120            android:screenOrientation="portrait"
120-->src/main/AndroidManifest.xml:121:13-49
121            android:theme="@style/Theme.AppCompat.Translucent" >
121-->src/main/AndroidManifest.xml:122:13-63
122            <meta-data
122-->src/main/AndroidManifest.xml:82:13-84:36
123                android:name="android.app.lib_name"
123-->src/main/AndroidManifest.xml:83:17-52
124                android:value="" />
124-->src/main/AndroidManifest.xml:84:17-33
125        </activity>
126        <activity
126-->src/main/AndroidManifest.xml:127:9-134:20
127            android:name="com.policyboss.policybosscaller.SettingPage.SettingActivity"
127-->src/main/AndroidManifest.xml:128:13-56
128            android:exported="false"
128-->src/main/AndroidManifest.xml:130:13-37
129            android:screenOrientation="portrait" >
129-->src/main/AndroidManifest.xml:129:13-49
130            <meta-data
130-->src/main/AndroidManifest.xml:82:13-84:36
131                android:name="android.app.lib_name"
131-->src/main/AndroidManifest.xml:83:17-52
132                android:value="" />
132-->src/main/AndroidManifest.xml:84:17-33
133        </activity>
134        <activity
134-->src/main/AndroidManifest.xml:135:9-141:20
135            android:name="com.policyboss.policybosscaller.BaseActivity"
135-->src/main/AndroidManifest.xml:136:13-41
136            android:exported="false" >
136-->src/main/AndroidManifest.xml:137:13-37
137            <meta-data
137-->src/main/AndroidManifest.xml:82:13-84:36
138                android:name="android.app.lib_name"
138-->src/main/AndroidManifest.xml:83:17-52
139                android:value="" />
139-->src/main/AndroidManifest.xml:84:17-33
140        </activity>
141        <activity
141-->src/main/AndroidManifest.xml:142:9-149:20
142            android:name="com.policyboss.policybosscaller.SettingPage.OverlayPermissionActivity"
142-->src/main/AndroidManifest.xml:143:13-66
143            android:exported="false"
143-->src/main/AndroidManifest.xml:145:13-37
144            android:screenOrientation="portrait" >
144-->src/main/AndroidManifest.xml:144:13-49
145            <meta-data
145-->src/main/AndroidManifest.xml:82:13-84:36
146                android:name="android.app.lib_name"
146-->src/main/AndroidManifest.xml:83:17-52
147                android:value="" />
147-->src/main/AndroidManifest.xml:84:17-33
148        </activity>
149        <activity
149-->src/main/AndroidManifest.xml:150:9-158:20
150            android:name="com.policyboss.policybosscaller.Home.HomeActivity"
150-->src/main/AndroidManifest.xml:151:13-46
151            android:exported="false"
151-->src/main/AndroidManifest.xml:152:13-37
152            android:launchMode="singleTop"
152-->src/main/AndroidManifest.xml:153:13-43
153            android:theme="@style/Theme.PolicyBossCaller" >
153-->src/main/AndroidManifest.xml:154:13-58
154            <meta-data
154-->src/main/AndroidManifest.xml:82:13-84:36
155                android:name="android.app.lib_name"
155-->src/main/AndroidManifest.xml:83:17-52
156                android:value="" />
156-->src/main/AndroidManifest.xml:84:17-33
157        </activity>
158        <activity
158-->src/main/AndroidManifest.xml:159:9-173:20
159            android:name="com.policyboss.policybosscaller.SplashScreen.SplashScreenActivity"
159-->src/main/AndroidManifest.xml:160:13-62
160            android:excludeFromRecents="false"
160-->src/main/AndroidManifest.xml:161:13-47
161            android:exported="true"
161-->src/main/AndroidManifest.xml:163:13-36
162            android:launchMode="standard"
162-->src/main/AndroidManifest.xml:164:13-42
163            android:noHistory="false"
163-->src/main/AndroidManifest.xml:162:13-38
164            android:screenOrientation="portrait"
164-->src/main/AndroidManifest.xml:165:13-49
165            android:showOnLockScreen="true"
165-->src/main/AndroidManifest.xml:166:13-44
166            android:windowSoftInputMode="stateAlwaysHidden|adjustPan" >
166-->src/main/AndroidManifest.xml:167:13-70
167            <intent-filter>
167-->src/main/AndroidManifest.xml:168:13-172:29
168                <action android:name="android.intent.action.MAIN" />
168-->src/main/AndroidManifest.xml:169:17-69
168-->src/main/AndroidManifest.xml:169:25-66
169
170                <category android:name="android.intent.category.LAUNCHER" />
170-->src/main/AndroidManifest.xml:171:17-77
170-->src/main/AndroidManifest.xml:171:27-74
171            </intent-filter>
172        </activity>
173
174        <receiver
174-->src/main/AndroidManifest.xml:175:9-187:20
175            android:name="com.policyboss.policybosscaller.BroadCastReceiver.CallReceiver"
175-->src/main/AndroidManifest.xml:176:13-59
176            android:enabled="true"
176-->src/main/AndroidManifest.xml:177:13-35
177            android:exported="true" >
177-->src/main/AndroidManifest.xml:178:13-36
178            <intent-filter android:priority="999" >
178-->src/main/AndroidManifest.xml:179:13-182:29
178-->src/main/AndroidManifest.xml:179:28-50
179                <action android:name="android.intent.action.PHONE_STATE" />
179-->src/main/AndroidManifest.xml:180:17-76
179-->src/main/AndroidManifest.xml:180:25-73
180            </intent-filter>
181
182            <!-- <intent-filter> -->
183            <!-- <action android:name="android.intent.action.NEW_OUTGOING_CALL" /> -->
184            <!-- </intent-filter> -->
185        </receiver>
186        <receiver
186-->src/main/AndroidManifest.xml:189:9-199:20
187            android:name="com.policyboss.policybosscaller.BroadCastReceiver.CustomBootReceiver"
187-->src/main/AndroidManifest.xml:190:13-65
188            android:enabled="true"
188-->src/main/AndroidManifest.xml:191:13-35
189            android:exported="true" >
189-->src/main/AndroidManifest.xml:192:13-36
190            <intent-filter android:priority="999" >
190-->src/main/AndroidManifest.xml:193:13-198:29
190-->src/main/AndroidManifest.xml:193:29-51
191
192                <!-- REGISTER TO RECEIVE BOOT_COMPLETED EVENTS -->
193                <action android:name="android.intent.action.BOOT_COMPLETED" />
193-->src/main/AndroidManifest.xml:195:17-79
193-->src/main/AndroidManifest.xml:195:25-76
194                <action android:name="android.intent.action.QUICKBOOT_POWERON" />
194-->src/main/AndroidManifest.xml:196:17-82
194-->src/main/AndroidManifest.xml:196:25-79
195            </intent-filter>
196        </receiver>
197
198        <!-- <receiver -->
199        <!-- android:name=".BroadCastReceiver.AppInstallReceiver" -->
200        <!-- android:enabled="true" -->
201        <!-- android:exported="true"> -->
202        <!-- <intent-filter> -->
203        <!-- <action android:name="android.intent.action.PACKAGE_ADDED" /> -->
204        <!-- <action android:name="android.intent.action.PACKAGE_REMOVED" /> -->
205        <!-- <data android:scheme="package" /> -->
206
207
208        <!-- </intent-filter> -->
209        <!-- </receiver> -->
210
211        <service
211-->src/main/AndroidManifest.xml:213:9-217:43
212            android:name="com.policyboss.policybosscaller.OverlayDemo.OverlayService"
212-->src/main/AndroidManifest.xml:214:13-55
213            android:enabled="true"
213-->src/main/AndroidManifest.xml:215:13-35
214            android:exported="true"
214-->src/main/AndroidManifest.xml:216:13-36
215            android:stopWithTask="true" />
215-->src/main/AndroidManifest.xml:217:13-40
216
217        <uses-library
217-->[androidx.window:window:1.0.0] AndroidManifest.xml:25:9-27:40
218            android:name="androidx.window.extensions"
218-->[androidx.window:window:1.0.0] AndroidManifest.xml:26:13-54
219            android:required="false" />
219-->[androidx.window:window:1.0.0] AndroidManifest.xml:27:13-37
220        <uses-library
220-->[androidx.window:window:1.0.0] AndroidManifest.xml:28:9-30:40
221            android:name="androidx.window.sidecar"
221-->[androidx.window:window:1.0.0] AndroidManifest.xml:29:13-51
222            android:required="false" />
222-->[androidx.window:window:1.0.0] AndroidManifest.xml:30:13-37
223
224        <provider
224-->[androidx.work:work-runtime:2.7.1] AndroidManifest.xml:31:9-39:20
225            android:name="androidx.startup.InitializationProvider"
225-->[androidx.work:work-runtime:2.7.1] AndroidManifest.xml:32:13-67
226            android:authorities="com.policyboss.policybosscaller.androidx-startup"
226-->[androidx.work:work-runtime:2.7.1] AndroidManifest.xml:33:13-68
227            android:exported="false" >
227-->[androidx.work:work-runtime:2.7.1] AndroidManifest.xml:34:13-37
228            <meta-data
228-->[androidx.work:work-runtime:2.7.1] AndroidManifest.xml:36:13-38:52
229                android:name="androidx.work.WorkManagerInitializer"
229-->[androidx.work:work-runtime:2.7.1] AndroidManifest.xml:37:17-68
230                android:value="androidx.startup" />
230-->[androidx.work:work-runtime:2.7.1] AndroidManifest.xml:38:17-49
231            <meta-data
231-->[androidx.emoji2:emoji2:1.2.0] AndroidManifest.xml:29:13-31:52
232                android:name="androidx.emoji2.text.EmojiCompatInitializer"
232-->[androidx.emoji2:emoji2:1.2.0] AndroidManifest.xml:30:17-75
233                android:value="androidx.startup" />
233-->[androidx.emoji2:emoji2:1.2.0] AndroidManifest.xml:31:17-49
234            <meta-data
234-->[androidx.lifecycle:lifecycle-process:2.4.1] AndroidManifest.xml:31:13-33:52
235                android:name="androidx.lifecycle.ProcessLifecycleInitializer"
235-->[androidx.lifecycle:lifecycle-process:2.4.1] AndroidManifest.xml:32:17-78
236                android:value="androidx.startup" />
236-->[androidx.lifecycle:lifecycle-process:2.4.1] AndroidManifest.xml:33:17-49
237        </provider>
238
239        <service
239-->[androidx.work:work-runtime:2.7.1] AndroidManifest.xml:41:9-46:35
240            android:name="androidx.work.impl.background.systemalarm.SystemAlarmService"
240-->[androidx.work:work-runtime:2.7.1] AndroidManifest.xml:42:13-88
241            android:directBootAware="false"
241-->[androidx.work:work-runtime:2.7.1] AndroidManifest.xml:43:13-44
242            android:enabled="@bool/enable_system_alarm_service_default"
242-->[androidx.work:work-runtime:2.7.1] AndroidManifest.xml:44:13-72
243            android:exported="false" />
243-->[androidx.work:work-runtime:2.7.1] AndroidManifest.xml:45:13-37
244        <service
244-->[androidx.work:work-runtime:2.7.1] AndroidManifest.xml:47:9-53:35
245            android:name="androidx.work.impl.background.systemjob.SystemJobService"
245-->[androidx.work:work-runtime:2.7.1] AndroidManifest.xml:48:13-84
246            android:directBootAware="false"
246-->[androidx.work:work-runtime:2.7.1] AndroidManifest.xml:49:13-44
247            android:enabled="@bool/enable_system_job_service_default"
247-->[androidx.work:work-runtime:2.7.1] AndroidManifest.xml:50:13-70
248            android:exported="true"
248-->[androidx.work:work-runtime:2.7.1] AndroidManifest.xml:51:13-36
249            android:permission="android.permission.BIND_JOB_SERVICE" />
249-->[androidx.work:work-runtime:2.7.1] AndroidManifest.xml:52:13-69
250        <service
250-->[androidx.work:work-runtime:2.7.1] AndroidManifest.xml:54:9-59:35
251            android:name="androidx.work.impl.foreground.SystemForegroundService"
251-->[androidx.work:work-runtime:2.7.1] AndroidManifest.xml:55:13-81
252            android:directBootAware="false"
252-->[androidx.work:work-runtime:2.7.1] AndroidManifest.xml:56:13-44
253            android:enabled="@bool/enable_system_foreground_service_default"
253-->[androidx.work:work-runtime:2.7.1] AndroidManifest.xml:57:13-77
254            android:exported="false" />
254-->[androidx.work:work-runtime:2.7.1] AndroidManifest.xml:58:13-37
255
256        <receiver
256-->[androidx.work:work-runtime:2.7.1] AndroidManifest.xml:61:9-66:35
257            android:name="androidx.work.impl.utils.ForceStopRunnable$BroadcastReceiver"
257-->[androidx.work:work-runtime:2.7.1] AndroidManifest.xml:62:13-88
258            android:directBootAware="false"
258-->[androidx.work:work-runtime:2.7.1] AndroidManifest.xml:63:13-44
259            android:enabled="true"
259-->[androidx.work:work-runtime:2.7.1] AndroidManifest.xml:64:13-35
260            android:exported="false" />
260-->[androidx.work:work-runtime:2.7.1] AndroidManifest.xml:65:13-37
261        <receiver
261-->[androidx.work:work-runtime:2.7.1] AndroidManifest.xml:67:9-77:20
262            android:name="androidx.work.impl.background.systemalarm.ConstraintProxy$BatteryChargingProxy"
262-->[androidx.work:work-runtime:2.7.1] AndroidManifest.xml:68:13-106
263            android:directBootAware="false"
263-->[androidx.work:work-runtime:2.7.1] AndroidManifest.xml:69:13-44
264            android:enabled="false"
264-->[androidx.work:work-runtime:2.7.1] AndroidManifest.xml:70:13-36
265            android:exported="false" >
265-->[androidx.work:work-runtime:2.7.1] AndroidManifest.xml:71:13-37
266            <intent-filter>
266-->[androidx.work:work-runtime:2.7.1] AndroidManifest.xml:73:13-76:29
267                <action android:name="android.intent.action.ACTION_POWER_CONNECTED" />
267-->[androidx.work:work-runtime:2.7.1] AndroidManifest.xml:74:17-87
267-->[androidx.work:work-runtime:2.7.1] AndroidManifest.xml:74:25-84
268                <action android:name="android.intent.action.ACTION_POWER_DISCONNECTED" />
268-->[androidx.work:work-runtime:2.7.1] AndroidManifest.xml:75:17-90
268-->[androidx.work:work-runtime:2.7.1] AndroidManifest.xml:75:25-87
269            </intent-filter>
270        </receiver>
271        <receiver
271-->[androidx.work:work-runtime:2.7.1] AndroidManifest.xml:78:9-88:20
272            android:name="androidx.work.impl.background.systemalarm.ConstraintProxy$BatteryNotLowProxy"
272-->[androidx.work:work-runtime:2.7.1] AndroidManifest.xml:79:13-104
273            android:directBootAware="false"
273-->[androidx.work:work-runtime:2.7.1] AndroidManifest.xml:80:13-44
274            android:enabled="false"
274-->[androidx.work:work-runtime:2.7.1] AndroidManifest.xml:81:13-36
275            android:exported="false" >
275-->[androidx.work:work-runtime:2.7.1] AndroidManifest.xml:82:13-37
276            <intent-filter>
276-->[androidx.work:work-runtime:2.7.1] AndroidManifest.xml:84:13-87:29
277                <action android:name="android.intent.action.BATTERY_OKAY" />
277-->[androidx.work:work-runtime:2.7.1] AndroidManifest.xml:85:17-77
277-->[androidx.work:work-runtime:2.7.1] AndroidManifest.xml:85:25-74
278                <action android:name="android.intent.action.BATTERY_LOW" />
278-->[androidx.work:work-runtime:2.7.1] AndroidManifest.xml:86:17-76
278-->[androidx.work:work-runtime:2.7.1] AndroidManifest.xml:86:25-73
279            </intent-filter>
280        </receiver>
281        <receiver
281-->[androidx.work:work-runtime:2.7.1] AndroidManifest.xml:89:9-99:20
282            android:name="androidx.work.impl.background.systemalarm.ConstraintProxy$StorageNotLowProxy"
282-->[androidx.work:work-runtime:2.7.1] AndroidManifest.xml:90:13-104
283            android:directBootAware="false"
283-->[androidx.work:work-runtime:2.7.1] AndroidManifest.xml:91:13-44
284            android:enabled="false"
284-->[androidx.work:work-runtime:2.7.1] AndroidManifest.xml:92:13-36
285            android:exported="false" >
285-->[androidx.work:work-runtime:2.7.1] AndroidManifest.xml:93:13-37
286            <intent-filter>
286-->[androidx.work:work-runtime:2.7.1] AndroidManifest.xml:95:13-98:29
287                <action android:name="android.intent.action.DEVICE_STORAGE_LOW" />
287-->[androidx.work:work-runtime:2.7.1] AndroidManifest.xml:96:17-83
287-->[androidx.work:work-runtime:2.7.1] AndroidManifest.xml:96:25-80
288                <action android:name="android.intent.action.DEVICE_STORAGE_OK" />
288-->[androidx.work:work-runtime:2.7.1] AndroidManifest.xml:97:17-82
288-->[androidx.work:work-runtime:2.7.1] AndroidManifest.xml:97:25-79
289            </intent-filter>
290        </receiver>
291        <receiver
291-->[androidx.work:work-runtime:2.7.1] AndroidManifest.xml:100:9-109:20
292            android:name="androidx.work.impl.background.systemalarm.ConstraintProxy$NetworkStateProxy"
292-->[androidx.work:work-runtime:2.7.1] AndroidManifest.xml:101:13-103
293            android:directBootAware="false"
293-->[androidx.work:work-runtime:2.7.1] AndroidManifest.xml:102:13-44
294            android:enabled="false"
294-->[androidx.work:work-runtime:2.7.1] AndroidManifest.xml:103:13-36
295            android:exported="false" >
295-->[androidx.work:work-runtime:2.7.1] AndroidManifest.xml:104:13-37
296            <intent-filter>
296-->[androidx.work:work-runtime:2.7.1] AndroidManifest.xml:106:13-108:29
297                <action android:name="android.net.conn.CONNECTIVITY_CHANGE" />
297-->[androidx.work:work-runtime:2.7.1] AndroidManifest.xml:107:17-79
297-->[androidx.work:work-runtime:2.7.1] AndroidManifest.xml:107:25-76
298            </intent-filter>
299        </receiver>
300        <receiver
300-->[androidx.work:work-runtime:2.7.1] AndroidManifest.xml:110:9-121:20
301            android:name="androidx.work.impl.background.systemalarm.RescheduleReceiver"
301-->[androidx.work:work-runtime:2.7.1] AndroidManifest.xml:111:13-88
302            android:directBootAware="false"
302-->[androidx.work:work-runtime:2.7.1] AndroidManifest.xml:112:13-44
303            android:enabled="false"
303-->[androidx.work:work-runtime:2.7.1] AndroidManifest.xml:113:13-36
304            android:exported="false" >
304-->[androidx.work:work-runtime:2.7.1] AndroidManifest.xml:114:13-37
305            <intent-filter>
305-->[androidx.work:work-runtime:2.7.1] AndroidManifest.xml:116:13-120:29
306                <action android:name="android.intent.action.BOOT_COMPLETED" />
306-->src/main/AndroidManifest.xml:195:17-79
306-->src/main/AndroidManifest.xml:195:25-76
307                <action android:name="android.intent.action.TIME_SET" />
307-->[androidx.work:work-runtime:2.7.1] AndroidManifest.xml:118:17-73
307-->[androidx.work:work-runtime:2.7.1] AndroidManifest.xml:118:25-70
308                <action android:name="android.intent.action.TIMEZONE_CHANGED" />
308-->[androidx.work:work-runtime:2.7.1] AndroidManifest.xml:119:17-81
308-->[androidx.work:work-runtime:2.7.1] AndroidManifest.xml:119:25-78
309            </intent-filter>
310        </receiver>
311        <receiver
311-->[androidx.work:work-runtime:2.7.1] AndroidManifest.xml:122:9-131:20
312            android:name="androidx.work.impl.background.systemalarm.ConstraintProxyUpdateReceiver"
312-->[androidx.work:work-runtime:2.7.1] AndroidManifest.xml:123:13-99
313            android:directBootAware="false"
313-->[androidx.work:work-runtime:2.7.1] AndroidManifest.xml:124:13-44
314            android:enabled="@bool/enable_system_alarm_service_default"
314-->[androidx.work:work-runtime:2.7.1] AndroidManifest.xml:125:13-72
315            android:exported="false" >
315-->[androidx.work:work-runtime:2.7.1] AndroidManifest.xml:126:13-37
316            <intent-filter>
316-->[androidx.work:work-runtime:2.7.1] AndroidManifest.xml:128:13-130:29
317                <action android:name="androidx.work.impl.background.systemalarm.UpdateProxies" />
317-->[androidx.work:work-runtime:2.7.1] AndroidManifest.xml:129:17-98
317-->[androidx.work:work-runtime:2.7.1] AndroidManifest.xml:129:25-95